<?xml version="1.0" encoding="UTF-8"?>
<testng-results ignored="0" total="11" passed="11" failed="0" skipped="0">
  <reporter-output>
  </reporter-output>
  <suite started-at="2024-07-29T21:09:36 CDT" name="Open Cart Test Regression Playwright Suite" finished-at="2024-07-29T21:09:55 CDT" duration-ms="18973">
    <groups>
    </groups>
    <test started-at="2024-07-29T21:09:36 CDT" name="Open Cart Home Page Test Chrome" finished-at="2024-07-29T21:09:54 CDT" duration-ms="17530">
      <class name="qa.opencart.tests.HomePageTest">
        <test-method is-config="true" signature="setup(java.lang.String)[pri:0, instance:qa.opencart.tests.HomePageTest@4c1f22f3]" started-at="2024-07-29T21:09:36 CDT" name="setup" finished-at="2024-07-29T21:09:49 CDT" duration-ms="12407" status="PASS">
          <params>
            <param index="0">
              <value>
                <![CDATA[chrome]]>
              </value>
            </param>
          </params>
          <reporter-output>
          </reporter-output>
        </test-method> <!-- setup -->
        <test-method signature="homePageTitleTest()[pri:0, instance:qa.opencart.tests.HomePageTest@4c1f22f3]" started-at="2024-07-29T21:09:49 CDT" name="homePageTitleTest" finished-at="2024-07-29T21:09:49 CDT" duration-ms="158" status="PASS">
          <reporter-output>
          </reporter-output>
        </test-method> <!-- homePageTitleTest -->
        <test-method signature="homePageUrlTest()[pri:0, instance:qa.opencart.tests.HomePageTest@4c1f22f3]" started-at="2024-07-29T21:09:50 CDT" name="homePageUrlTest" finished-at="2024-07-29T21:09:50 CDT" duration-ms="4" status="PASS">
          <reporter-output>
          </reporter-output>
        </test-method> <!-- homePageUrlTest -->
        <test-method signature="searchTest(java.lang.String)[pri:0, instance:qa.opencart.tests.HomePageTest@4c1f22f3]" started-at="2024-07-29T21:09:50 CDT" name="searchTest" data-provider="getProductData" finished-at="2024-07-29T21:09:51 CDT" duration-ms="751" status="PASS">
          <params>
            <param index="0">
              <value>
                <![CDATA[Macbook]]>
              </value>
            </param>
          </params>
          <reporter-output>
          </reporter-output>
        </test-method> <!-- searchTest -->
        <test-method signature="searchTest(java.lang.String)[pri:0, instance:qa.opencart.tests.HomePageTest@4c1f22f3]" started-at="2024-07-29T21:09:52 CDT" name="searchTest" data-provider="getProductData" finished-at="2024-07-29T21:09:52 CDT" duration-ms="708" status="PASS">
          <params>
            <param index="0">
              <value>
                <![CDATA[Samsung]]>
              </value>
            </param>
          </params>
          <reporter-output>
          </reporter-output>
        </test-method> <!-- searchTest -->
        <test-method signature="searchTest(java.lang.String)[pri:0, instance:qa.opencart.tests.HomePageTest@4c1f22f3]" started-at="2024-07-29T21:09:53 CDT" name="searchTest" data-provider="getProductData" finished-at="2024-07-29T21:09:53 CDT" duration-ms="624" status="PASS">
          <params>
            <param index="0">
              <value>
                <![CDATA[iPhone]]>
              </value>
            </param>
          </params>
          <reporter-output>
          </reporter-output>
        </test-method> <!-- searchTest -->
        <test-method is-config="true" signature="teatDown()[pri:0, instance:qa.opencart.tests.HomePageTest@4c1f22f3]" started-at="2024-07-29T21:09:54 CDT" name="teatDown" finished-at="2024-07-29T21:09:54 CDT" duration-ms="123" status="PASS">
          <reporter-output>
          </reporter-output>
        </test-method> <!-- teatDown -->
      </class> <!-- qa.opencart.tests.HomePageTest -->
    </test> <!-- Open Cart Home Page Test Chrome -->
    <test started-at="2024-07-29T21:09:36 CDT" name="Open Cart Home Page Test Edge" finished-at="2024-07-29T21:09:55 CDT" duration-ms="18973">
      <class name="qa.opencart.tests.LoginPageTest">
        <test-method is-config="true" signature="setup(java.lang.String)[pri:0, instance:qa.opencart.tests.LoginPageTest@72437d8d]" started-at="2024-07-29T21:09:36 CDT" name="setup" finished-at="2024-07-29T21:09:49 CDT" duration-ms="12826" status="PASS">
          <params>
            <param index="0">
              <value>
                <![CDATA[edge]]>
              </value>
            </param>
          </params>
          <reporter-output>
          </reporter-output>
        </test-method> <!-- setup -->
        <test-method signature="loginPageNavigationTest()[pri:1, instance:qa.opencart.tests.LoginPageTest@72437d8d]" started-at="2024-07-29T21:09:49 CDT" name="loginPageNavigationTest" finished-at="2024-07-29T21:09:50 CDT" duration-ms="1197" status="PASS">
          <reporter-output>
          </reporter-output>
        </test-method> <!-- loginPageNavigationTest -->
        <test-method signature="forgotPasswordLinkExistTest()[pri:2, instance:qa.opencart.tests.LoginPageTest@72437d8d]" started-at="2024-07-29T21:09:51 CDT" name="forgotPasswordLinkExistTest" finished-at="2024-07-29T21:09:51 CDT" duration-ms="86" status="PASS">
          <reporter-output>
          </reporter-output>
        </test-method> <!-- forgotPasswordLinkExistTest -->
        <test-method signature="appLoginTest()[pri:3, instance:qa.opencart.tests.LoginPageTest@72437d8d]" started-at="2024-07-29T21:09:51 CDT" name="appLoginTest" finished-at="2024-07-29T21:09:54 CDT" duration-ms="2721" status="PASS">
          <reporter-output>
          </reporter-output>
        </test-method> <!-- appLoginTest -->
        <test-method is-config="true" signature="teatDown()[pri:0, instance:qa.opencart.tests.LoginPageTest@72437d8d]" started-at="2024-07-29T21:09:54 CDT" name="teatDown" finished-at="2024-07-29T21:09:55 CDT" duration-ms="1171" status="PASS">
          <reporter-output>
          </reporter-output>
        </test-method> <!-- teatDown -->
      </class> <!-- qa.opencart.tests.LoginPageTest -->
    </test> <!-- Open Cart Home Page Test Edge -->
    <test started-at="2024-07-29T21:09:36 CDT" name="Open Cart Login Page Test Chromium" finished-at="2024-07-29T21:09:55 CDT" duration-ms="18246">
      <class name="qa.opencart.tests.LoginPageTest">
        <test-method is-config="true" signature="setup(java.lang.String)[pri:0, instance:qa.opencart.tests.LoginPageTest@740d2e78]" started-at="2024-07-29T21:09:36 CDT" name="setup" finished-at="2024-07-29T21:09:50 CDT" duration-ms="13522" status="PASS">
          <params>
            <param index="0">
              <value>
                <![CDATA[chromium]]>
              </value>
            </param>
          </params>
          <reporter-output>
          </reporter-output>
        </test-method> <!-- setup -->
        <test-method signature="loginPageNavigationTest()[pri:1, instance:qa.opencart.tests.LoginPageTest@740d2e78]" started-at="2024-07-29T21:09:50 CDT" name="loginPageNavigationTest" finished-at="2024-07-29T21:09:51 CDT" duration-ms="996" status="PASS">
          <reporter-output>
          </reporter-output>
        </test-method> <!-- loginPageNavigationTest -->
        <test-method signature="forgotPasswordLinkExistTest()[pri:2, instance:qa.opencart.tests.LoginPageTest@740d2e78]" started-at="2024-07-29T21:09:51 CDT" name="forgotPasswordLinkExistTest" finished-at="2024-07-29T21:09:52 CDT" duration-ms="351" status="PASS">
          <reporter-output>
          </reporter-output>
        </test-method> <!-- forgotPasswordLinkExistTest -->
        <test-method signature="appLoginTest()[pri:3, instance:qa.opencart.tests.LoginPageTest@740d2e78]" started-at="2024-07-29T21:09:52 CDT" name="appLoginTest" finished-at="2024-07-29T21:09:54 CDT" duration-ms="1955" status="PASS">
          <reporter-output>
          </reporter-output>
        </test-method> <!-- appLoginTest -->
        <test-method is-config="true" signature="teatDown()[pri:0, instance:qa.opencart.tests.LoginPageTest@740d2e78]" started-at="2024-07-29T21:09:54 CDT" name="teatDown" finished-at="2024-07-29T21:09:55 CDT" duration-ms="129" status="PASS">
          <reporter-output>
          </reporter-output>
        </test-method> <!-- teatDown -->
      </class> <!-- qa.opencart.tests.LoginPageTest -->
    </test> <!-- Open Cart Login Page Test Chromium -->
  </suite> <!-- Open Cart Test Regression Playwright Suite -->
</testng-results>
