<?xml version="1.0" encoding="UTF-8"?>
<testsuite xmlns:xsi="http://www.w3.org/2001/XMLSchema-instance" xsi:noNamespaceSchemaLocation="https://maven.apache.org/surefire/maven-surefire-plugin/xsd/surefire-test-report.xsd" version="3.0.2" name="TestSuite" time="19.91" tests="11" errors="0" skipped="0" failures="0">
  <properties>
[...]
</properties>
  <testcase name="homePageTitleTest" classname="qa.opencart.tests.HomePageTest" time="0.567">
    <system-out><![CDATA[...
... TestNG 7.10.2 by Cédric Beust (cedric@beust.com)
...

Test Suite started!
Test Suite started!
Test Suite started!
Browser Name :chrome
Browser Name :edge
Browser Name :chromium
loginPageNavigationTest started!
homePageTitleTest started!
loginPageNavigationTest started!
Page title :Your Store
homePageTitleTest passed!
]]></system-out>
    <system-err><![CDATA[SLF4J: Failed to load class "org.slf4j.impl.StaticLoggerBinder".
SLF4J: Defaulting to no-operation (NOP) logger implementation
SLF4J: See http://www.slf4j.org/codes.html#StaticLoggerBinder for further details.
]]></system-err>
  </testcase>
  <testcase name="homePageUrlTest" classname="qa.opencart.tests.HomePageTest" time="0.336">
    <system-out><![CDATA[homePageUrlTest started!
URL :https://naveenautomationlabs.com/opencart/
homePageUrlTest passed!
Actual Title : Account Login
Actual Title : Account Login
loginPageNavigationTest passed!
]]></system-out>
  </testcase>
  <testcase name="searchTest[Macbook](1)" classname="qa.opencart.tests.HomePageTest" time="0.5">
    <system-out><![CDATA[appLoginTest started!
Application credentials: rekaharisri@gmail.com : admin@123
Search Header is :Search - Macbook
searchTest passed!
]]></system-out>
  </testcase>
  <testcase name="searchTest[Samsung](2)" classname="qa.opencart.tests.HomePageTest" time="0.819">
    <system-out><![CDATA[searchTest started!
Search Header is :Search - Samsung
searchTest passed!
]]></system-out>
  </testcase>
  <testcase name="searchTest[iPhone](3)" classname="qa.opencart.tests.HomePageTest" time="0.866">
    <system-out><![CDATA[searchTest started!
Search Header is :Search - iPhone
searchTest passed!
 User is logged in successful..... 
 User is logged in successful..... 
]]></system-out>
  </testcase>
  <testcase name="loginPageNavigationTest" classname="qa.opencart.tests.LoginPageTest" time="0.22"/>
  <testcase name="loginPageNavigationTest" classname="qa.opencart.tests.LoginPageTest" time="0.294">
    <system-out><![CDATA[forgotPasswordLinkExistTest started!
loginPageNavigationTest passed!
]]></system-out>
  </testcase>
  <testcase name="forgotPasswordLinkExistTest" classname="qa.opencart.tests.LoginPageTest" time="0.32">
    <system-out><![CDATA[forgotPasswordLinkExistTest started!
forgotPasswordLinkExistTest passed!
searchTest started!
forgotPasswordLinkExistTest passed!
]]></system-out>
  </testcase>
  <testcase name="forgotPasswordLinkExistTest" classname="qa.opencart.tests.LoginPageTest" time="0.262">
    <system-out><![CDATA[appLoginTest started!
Application credentials: rekaharisri@gmail.com : admin@123
]]></system-out>
  </testcase>
  <testcase name="appLoginTest" classname="qa.opencart.tests.LoginPageTest" time="1.16">
    <system-out><![CDATA[appLoginTest passed!
appLoginTest passed!
]]></system-out>
  </testcase>
  <testcase name="appLoginTest" classname="qa.opencart.tests.LoginPageTest" time="1.414">
    <system-out><![CDATA[Test Suite is ending!
]]></system-out>
  </testcase>
</testsuite>