<?xml version="1.0" encoding="UTF-8"?>
<testng-results ignored="0" total="11" passed="11" failed="0" skipped="0">
  <reporter-output>
  </reporter-output>
  <suite started-at="2024-07-29T18:28:15 CDT" name="Open Cart Test Regression Playwright Suite" finished-at="2024-07-29T18:28:33 CDT" duration-ms="17731">
    <groups>
    </groups>
    <test started-at="2024-07-29T18:28:15 CDT" name="Open Cart Home Page Test Chrome" finished-at="2024-07-29T18:28:32 CDT" duration-ms="16459">
      <class name="qa.opencart.tests.HomePageTest">
        <test-method is-config="true" signature="setup(java.lang.String)[pri:0, instance:qa.opencart.tests.HomePageTest@4c1f22f3]" started-at="2024-07-29T18:28:15 CDT" name="setup" finished-at="2024-07-29T18:28:27 CDT" duration-ms="11947" status="PASS">
          <params>
            <param index="0">
              <value>
                <![CDATA[chrome]]>
              </value>
            </param>
          </params>
          <reporter-output>
          </reporter-output>
        </test-method> <!-- setup -->
        <test-method signature="homePageTitleTest()[pri:0, instance:qa.opencart.tests.HomePageTest@4c1f22f3]" started-at="2024-07-29T18:28:27 CDT" name="homePageTitleTest" finished-at="2024-07-29T18:28:27 CDT" duration-ms="128" status="PASS">
          <reporter-output>
          </reporter-output>
        </test-method> <!-- homePageTitleTest -->
        <test-method signature="homePageUrlTest()[pri:0, instance:qa.opencart.tests.HomePageTest@4c1f22f3]" started-at="2024-07-29T18:28:28 CDT" name="homePageUrlTest" finished-at="2024-07-29T18:28:28 CDT" duration-ms="8" status="PASS">
          <reporter-output>
          </reporter-output>
        </test-method> <!-- homePageUrlTest -->
        <test-method signature="searchTest(java.lang.String)[pri:0, instance:qa.opencart.tests.HomePageTest@4c1f22f3]" started-at="2024-07-29T18:28:28 CDT" name="searchTest" data-provider="getProductData" finished-at="2024-07-29T18:28:30 CDT" duration-ms="1410" status="PASS">
          <params>
            <param index="0">
              <value>
                <![CDATA[Macbook]]>
              </value>
            </param>
          </params>
          <reporter-output>
          </reporter-output>
        </test-method> <!-- searchTest -->
        <test-method signature="searchTest(java.lang.String)[pri:0, instance:qa.opencart.tests.HomePageTest@4c1f22f3]" started-at="2024-07-29T18:28:30 CDT" name="searchTest" data-provider="getProductData" finished-at="2024-07-29T18:28:30 CDT" duration-ms="612" status="PASS">
          <params>
            <param index="0">
              <value>
                <![CDATA[Samsung]]>
              </value>
            </param>
          </params>
          <reporter-output>
          </reporter-output>
        </test-method> <!-- searchTest -->
        <test-method signature="searchTest(java.lang.String)[pri:0, instance:qa.opencart.tests.HomePageTest@4c1f22f3]" started-at="2024-07-29T18:28:31 CDT" name="searchTest" data-provider="getProductData" finished-at="2024-07-29T18:28:31 CDT" duration-ms="601" status="PASS">
          <params>
            <param index="0">
              <value>
                <![CDATA[iPhone]]>
              </value>
            </param>
          </params>
          <reporter-output>
          </reporter-output>
        </test-method> <!-- searchTest -->
        <test-method is-config="true" signature="teatDown()[pri:0, instance:qa.opencart.tests.HomePageTest@4c1f22f3]" started-at="2024-07-29T18:28:32 CDT" name="teatDown" finished-at="2024-07-29T18:28:32 CDT" duration-ms="135" status="PASS">
          <reporter-output>
          </reporter-output>
        </test-method> <!-- teatDown -->
      </class> <!-- qa.opencart.tests.HomePageTest -->
    </test> <!-- Open Cart Home Page Test Chrome -->
    <test started-at="2024-07-29T18:28:15 CDT" name="Open Cart Home Page Test Edge" finished-at="2024-07-29T18:28:33 CDT" duration-ms="17731">
      <class name="qa.opencart.tests.LoginPageTest">
        <test-method is-config="true" signature="setup(java.lang.String)[pri:0, instance:qa.opencart.tests.LoginPageTest@1c481ff2]" started-at="2024-07-29T18:28:15 CDT" name="setup" finished-at="2024-07-29T18:28:27 CDT" duration-ms="12091" status="PASS">
          <params>
            <param index="0">
              <value>
                <![CDATA[edge]]>
              </value>
            </param>
          </params>
          <reporter-output>
          </reporter-output>
        </test-method> <!-- setup -->
        <test-method signature="loginPageNavigationTest()[pri:1, instance:qa.opencart.tests.LoginPageTest@1c481ff2]" started-at="2024-07-29T18:28:27 CDT" name="loginPageNavigationTest" finished-at="2024-07-29T18:28:28 CDT" duration-ms="623" status="PASS">
          <reporter-output>
          </reporter-output>
        </test-method> <!-- loginPageNavigationTest -->
        <test-method signature="forgotPasswordLinkExistTest()[pri:2, instance:qa.opencart.tests.LoginPageTest@1c481ff2]" started-at="2024-07-29T18:28:29 CDT" name="forgotPasswordLinkExistTest" finished-at="2024-07-29T18:28:29 CDT" duration-ms="17" status="PASS">
          <reporter-output>
          </reporter-output>
        </test-method> <!-- forgotPasswordLinkExistTest -->
        <test-method signature="appLoginTest()[pri:3, instance:qa.opencart.tests.LoginPageTest@1c481ff2]" started-at="2024-07-29T18:28:29 CDT" name="appLoginTest" finished-at="2024-07-29T18:28:31 CDT" duration-ms="2047" status="PASS">
          <reporter-output>
          </reporter-output>
        </test-method> <!-- appLoginTest -->
        <test-method is-config="true" signature="teatDown()[pri:0, instance:qa.opencart.tests.LoginPageTest@1c481ff2]" started-at="2024-07-29T18:28:32 CDT" name="teatDown" finished-at="2024-07-29T18:28:33 CDT" duration-ms="1135" status="PASS">
          <reporter-output>
          </reporter-output>
        </test-method> <!-- teatDown -->
      </class> <!-- qa.opencart.tests.LoginPageTest -->
    </test> <!-- Open Cart Home Page Test Edge -->
    <test started-at="2024-07-29T18:28:15 CDT" name="Open Cart Login Page Test Chromium" finished-at="2024-07-29T18:28:32 CDT" duration-ms="16989">
      <class name="qa.opencart.tests.LoginPageTest">
        <test-method is-config="true" signature="setup(java.lang.String)[pri:0, instance:qa.opencart.tests.LoginPageTest@b7c4869]" started-at="2024-07-29T18:28:15 CDT" name="setup" finished-at="2024-07-29T18:28:27 CDT" duration-ms="12065" status="PASS">
          <params>
            <param index="0">
              <value>
                <![CDATA[chromium]]>
              </value>
            </param>
          </params>
          <reporter-output>
          </reporter-output>
        </test-method> <!-- setup -->
        <test-method signature="loginPageNavigationTest()[pri:1, instance:qa.opencart.tests.LoginPageTest@b7c4869]" started-at="2024-07-29T18:28:27 CDT" name="loginPageNavigationTest" finished-at="2024-07-29T18:28:28 CDT" duration-ms="666" status="PASS">
          <reporter-output>
          </reporter-output>
        </test-method> <!-- loginPageNavigationTest -->
        <test-method signature="forgotPasswordLinkExistTest()[pri:2, instance:qa.opencart.tests.LoginPageTest@b7c4869]" started-at="2024-07-29T18:28:28 CDT" name="forgotPasswordLinkExistTest" finished-at="2024-07-29T18:28:28 CDT" duration-ms="22" status="PASS">
          <reporter-output>
          </reporter-output>
        </test-method> <!-- forgotPasswordLinkExistTest -->
        <test-method signature="appLoginTest()[pri:3, instance:qa.opencart.tests.LoginPageTest@b7c4869]" started-at="2024-07-29T18:28:29 CDT" name="appLoginTest" finished-at="2024-07-29T18:28:31 CDT" duration-ms="2230" status="PASS">
          <reporter-output>
          </reporter-output>
        </test-method> <!-- appLoginTest -->
        <test-method is-config="true" signature="teatDown()[pri:0, instance:qa.opencart.tests.LoginPageTest@b7c4869]" started-at="2024-07-29T18:28:32 CDT" name="teatDown" finished-at="2024-07-29T18:28:32 CDT" duration-ms="146" status="PASS">
          <reporter-output>
          </reporter-output>
        </test-method> <!-- teatDown -->
      </class> <!-- qa.opencart.tests.LoginPageTest -->
    </test> <!-- Open Cart Login Page Test Chromium -->
  </suite> <!-- Open Cart Test Regression Playwright Suite -->
</testng-results>
