<?xml version="1.0" encoding="UTF-8"?>
<!-- Generated by org.testng.reporters.JUnitXMLReporter -->
<testsuite ignored="0" hostname="Reka" failures="0" tests="3" name="Open Cart Login Page Test" time="16.367" errors="0" timestamp="2024-07-28T15:22:46 CDT">
  <testcase classname="qa.opencart.tests.LoginPageTest" name="loginPageNavigationTest" time="0.822"/>
  <testcase classname="qa.opencart.tests.LoginPageTest" name="forgotPasswordLinkExistTest" time="0.015"/>
  <testcase classname="qa.opencart.tests.LoginPageTest" name="appLoginTest" time="0.889"/>
</testsuite> <!-- Open Cart Login Page Test -->
