<?xml version="1.0" encoding="UTF-8"?>
<!-- Generated by org.testng.reporters.JUnitXMLReporter -->
<testsuite ignored="0" hostname="Reka" failures="0" tests="5" name="Open Cart Home Page Test" time="17.371" errors="0" timestamp="2024-07-28T15:22:47 CDT">
  <testcase classname="qa.opencart.tests.HomePageTest" name="homePageTitleTest" time="0.143"/>
  <testcase classname="qa.opencart.tests.HomePageTest" name="homePageUrlTest" time="0.008"/>
  <testcase classname="qa.opencart.tests.HomePageTest" name="searchTest" time="0.651"/>
  <testcase classname="qa.opencart.tests.HomePageTest" name="searchTest" time="0.581"/>
  <testcase classname="qa.opencart.tests.HomePageTest" name="searchTest" time="0.524"/>
</testsuite> <!-- Open Cart Home Page Test -->
