<?xml version="1.0" encoding="UTF-8"?>
<!-- Generated by org.testng.reporters.JUnitXMLReporter -->
<testsuite ignored="0" hostname="Reka" failures="0" tests="5" name="Open Cart Home Page Test Chrome" time="16.459" errors="0" timestamp="2024-07-29T18:28:34 CDT">
  <testcase classname="qa.opencart.tests.HomePageTest" name="homePageTitleTest" time="0.128"/>
  <testcase classname="qa.opencart.tests.HomePageTest" name="homePageUrlTest" time="0.008"/>
  <testcase classname="qa.opencart.tests.HomePageTest" name="searchTest" time="1.41"/>
  <testcase classname="qa.opencart.tests.HomePageTest" name="searchTest" time="0.612"/>
  <testcase classname="qa.opencart.tests.HomePageTest" name="searchTest" time="0.601"/>
</testsuite> <!-- Open Cart Home Page Test Chrome -->
