<?xml version="1.0" encoding="UTF-8"?>
<!-- Generated by org.testng.reporters.JUnitXMLReporter -->
<testsuite ignored="0" hostname="Reka" failures="0" tests="3" name="Open Cart Login Page Test Chromium" time="18.764" errors="0" timestamp="2024-07-29T14:41:13 CDT">
  <testcase classname="qa.opencart.tests.LoginPageTest" name="loginPageNavigationTest" time="0.966"/>
  <testcase classname="qa.opencart.tests.LoginPageTest" name="forgotPasswordLinkExistTest" time="0.011"/>
  <testcase classname="qa.opencart.tests.LoginPageTest" name="appLoginTest" time="1.791"/>
</testsuite> <!-- Open Cart Login Page Test Chromium -->
