<?xml version="1.0" encoding="UTF-8"?>
<!-- Generated by org.testng.reporters.JUnitXMLReporter -->
<testsuite ignored="0" hostname="Reka" failures="0" tests="5" name="Open Cart Login Page Test Firefox" time="20.317" errors="0" timestamp="2024-07-29T14:41:15 CDT">
  <testcase classname="qa.opencart.tests.HomePageTest" name="homePageTitleTest" time="0.135"/>
  <testcase classname="qa.opencart.tests.HomePageTest" name="homePageUrlTest" time="0.004"/>
  <testcase classname="qa.opencart.tests.HomePageTest" name="searchTest" time="0.64"/>
  <testcase classname="qa.opencart.tests.HomePageTest" name="searchTest" time="0.683"/>
  <testcase classname="qa.opencart.tests.HomePageTest" name="searchTest" time="1.155"/>
</testsuite> <!-- Open Cart Login Page Test Firefox -->
