<?xml version="1.0" encoding="UTF-8"?>
<!-- Generated by org.testng.reporters.JUnitXMLReporter -->
<testsuite ignored="0" hostname="Reka" failures="0" tests="3" name="Open Cart Login Page Test Chromium" time="16.989" errors="0" timestamp="2024-07-29T18:28:34 CDT">
  <testcase classname="qa.opencart.tests.LoginPageTest" name="loginPageNavigationTest" time="0.666"/>
  <testcase classname="qa.opencart.tests.LoginPageTest" name="forgotPasswordLinkExistTest" time="0.022"/>
  <testcase classname="qa.opencart.tests.LoginPageTest" name="appLoginTest" time="2.23"/>
</testsuite> <!-- Open Cart Login Page Test Chromium -->
