<?xml version="1.0" encoding="UTF-8"?>
<!-- Generated by org.testng.reporters.JUnitXMLReporter -->
<testsuite ignored="0" hostname="Reka" failures="0" tests="3" name="Open Cart Home Page Test Edge" time="18.973" errors="0" timestamp="2024-07-29T21:09:56 CDT">
  <testcase classname="qa.opencart.tests.LoginPageTest" name="loginPageNavigationTest" time="1.197"/>
  <testcase classname="qa.opencart.tests.LoginPageTest" name="forgotPasswordLinkExistTest" time="0.086"/>
  <testcase classname="qa.opencart.tests.LoginPageTest" name="appLoginTest" time="2.721"/>
</testsuite> <!-- Open Cart Home Page Test Edge -->
