<?xml version="1.0" encoding="UTF-8"?>
<!-- Generated by org.testng.reporters.JUnitXMLReporter -->
<testsuite ignored="0" hostname="Reka" failures="0" tests="5" name="Open Cart Home Page Test Chrome" time="18.267" errors="0" timestamp="2024-07-29T14:41:13 CDT">
  <testcase classname="qa.opencart.tests.HomePageTest" name="homePageTitleTest" time="0.016"/>
  <testcase classname="qa.opencart.tests.HomePageTest" name="homePageUrlTest" time="0.004"/>
  <testcase classname="qa.opencart.tests.HomePageTest" name="searchTest" time="0.784"/>
  <testcase classname="qa.opencart.tests.HomePageTest" name="searchTest" time="0.615"/>
  <testcase classname="qa.opencart.tests.HomePageTest" name="searchTest" time="0.482"/>
</testsuite> <!-- Open Cart Home Page Test Chrome -->
